<?xml version="1.0" encoding="UTF-8"?>
<!-- Generated by org.testng.reporters.JUnitReportReporter -->
<testsuite hostname="DESKTOP-CD7ITQL" name="test.sample.appium.TestAppiumFirstExample" tests="1" failures="0" timestamp="4 Jan 2016 03:29:02 GMT" time="4.482" errors="0">
  <testcase name="Cal" time="4.482" classname="test.sample.appium.TestAppiumFirstExample"/>
</testsuite> <!-- test.sample.appium.TestAppiumFirstExample -->
